<?xml version="1.0" encoding="utf-8"?><testsuites>
  <testsuite name="Create and Delete Like" package="integration-tests/create-delete-like/create-delete-like.yaml" tests="9" time="1.873738">
    <testcase classname="create-delete-like.yaml" name="Create-Post-1" time="0.121235583">
      <system-out></system-out>
      <system-err><![CDATA[
]]></system-err>
    </testcase>
    <testcase classname="create-delete-like.yaml" name="Create-Post-2" time="0.144923667">
      <system-out></system-out>
      <system-err><![CDATA[
]]></system-err>
    </testcase>
    <testcase classname="create-delete-like.yaml" name="Like-Creation-Success" time="0.092023708">
      <system-out></system-out>
      <system-err><![CDATA[
]]></system-err>
    </testcase>
    <testcase classname="create-delete-like.yaml" name="Like-Creation-Not-found" time="0.456972">
      <system-out></system-out>
      <system-err><![CDATA[
]]></system-err>
    </testcase>
    <testcase classname="create-delete-like.yaml" name="Like-Creation-Unauthorized" time="0.394938125">
      <system-out></system-out>
      <system-err><![CDATA[
]]></system-err>
    </testcase>
    <testcase classname="create-delete-like.yaml" name="Like-Creation-already-liked" time="0.12337175">
      <system-out></system-out>
      <system-err><![CDATA[
]]></system-err>
    </testcase>
    <testcase classname="create-delete-like.yaml" name="Delete-like-Success" time="0.351747">
      <system-out></system-out>
      <system-err><![CDATA[
]]></system-err>
    </testcase>
    <testcase classname="create-delete-like.yaml" name="Delete-like-Unauthorized" time="0.084047917">
      <system-out></system-out>
      <system-err><![CDATA[
]]></system-err>
    </testcase>
    <testcase classname="create-delete-like.yaml" name="Delete-like-not-liked" time="0.103730542">
      <system-out></system-out>
      <system-err><![CDATA[
]]></system-err>
    </testcase>
  </testsuite>
</testsuites>