<?xml version="1.0" encoding="utf-8"?><testsuites>
  <testsuite name="Create and Get Comments" package="integration-tests/create-get-comments/create-get-comments.yaml" tests="8" time="0.844162">
    <testcase classname="create-get-comments.yaml" name="Create-Post-For-Comments" time="0.092042083">
      <system-out></system-out>
      <system-err><![CDATA[
]]></system-err>
    </testcase>
    <testcase classname="create-get-comments.yaml" name="Create-Comment-Success" time="0.089801083">
      <system-out></system-out>
      <system-err><![CDATA[
]]></system-err>
    </testcase>
    <testcase classname="create-get-comments.yaml" name="Create-Comment-Bad-Request" time="0.136883458">
      <system-out></system-out>
      <system-err><![CDATA[
]]></system-err>
    </testcase>
    <testcase classname="create-get-comments.yaml" name="Create-Comment-Unauthorized" time="0.088796959">
      <system-out></system-out>
      <system-err><![CDATA[
]]></system-err>
    </testcase>
    <testcase classname="create-get-comments.yaml" name="Create-Comment-Not-Found" time="0.141616833">
      <system-out></system-out>
      <system-err><![CDATA[
]]></system-err>
    </testcase>
    <testcase classname="create-get-comments.yaml" name="Get-Comments-Success" time="0.089846792">
      <system-out></system-out>
      <system-err><![CDATA[
]]></system-err>
    </testcase>
    <testcase classname="create-get-comments.yaml" name="Get-Comments-Unauthorized" time="0.114233417">
      <system-out></system-out>
      <system-err><![CDATA[
]]></system-err>
    </testcase>
    <testcase classname="create-get-comments.yaml" name="Get-Comments-Not-Found" time="0.090771459">
      <system-out></system-out>
      <system-err><![CDATA[
]]></system-err>
    </testcase>
  </testsuite>
</testsuites>