<?xml version="1.0" encoding="utf-8"?><testsuites>
  <testsuite name="Notifications Test Suite" package="integration-tests/get-delete-notifications/get-delete-notifications.yaml" tests="3" time="0.593803">
    <testcase classname="get-delete-notifications.yaml" name="Get-Notifications-Success" time="0.185577708">
      <system-out></system-out>
      <system-err><![CDATA[
]]></system-err>
    </testcase>
    <testcase classname="get-delete-notifications.yaml" name="Get-Notifications-Unauthorized" time="0.215104292">
      <system-out></system-out>
      <system-err><![CDATA[
]]></system-err>
    </testcase>
    <testcase classname="get-delete-notifications.yaml" name="Delete-Notification-Unauthorized" time="0.193014666">
      <system-out></system-out>
      <system-err><![CDATA[
]]></system-err>
    </testcase>
  </testsuite>
</testsuites>