<?xml version="1.0" encoding="utf-8"?><testsuites>
  <testsuite name="Push Subscriptions Test Suite" package="integration-tests/push-subscriptions/push-subscriptions.yaml" tests="5" time="0.511718">
    <testcase classname="push-subscriptions.yaml" name="Get-VAPID-Token-Success" time="0.112461791">
      <system-out></system-out>
      <system-err><![CDATA[
]]></system-err>
    </testcase>
    <testcase classname="push-subscriptions.yaml" name="Get-VAPID-Token-Unauthorized" time="0.098247625">
      <system-out></system-out>
      <system-err><![CDATA[
]]></system-err>
    </testcase>
    <testcase classname="push-subscriptions.yaml" name="Register-Push-Subscription-Success-Web" time="0.11289525">
      <system-out></system-out>
      <system-err><![CDATA[
]]></system-err>
    </testcase>
    <testcase classname="push-subscriptions.yaml" name="Register-Push-Subscription-Success-Expo" time="0.0950115">
      <system-out></system-out>
      <system-err><![CDATA[
]]></system-err>
    </testcase>
    <testcase classname="push-subscriptions.yaml" name="Register-Push-Subscription-Unauthorized" time="0.092595375">
      <system-out></system-out>
      <system-err><![CDATA[
]]></system-err>
    </testcase>
  </testsuite>
</testsuites>